SF:lib/core/utils/logger.dart
DA:6,3
DA:7,1
DA:8,1
DA:9,1
DA:15,3
DA:16,1
DA:17,1
DA:18,1
DA:28,3
DA:31,3
DA:34,3
DA:37,3
DA:40,3
DA:43,3
DA:45,1
DA:48,1
DA:50,1
DA:52,1
DA:54,1
DA:56,1
DA:58,1
LF:21
LH:21
end_of_record
SF:lib/core/model/vt_model.dart
DA:3,3
DA:6,0
LF:2
LH:1
end_of_record
SF:lib/core/model/day.dart
DA:8,2
DA:10,1
DA:12,1
DA:13,1
DA:14,1
DA:18,1
DA:20,1
DA:21,1
DA:23,1
DA:24,3
LF:10
LH:10
end_of_record
SF:lib/core/model/task.g.dart
DA:13,0
DA:15,0
DA:16,0
DA:17,0
DA:19,0
DA:20,0
DA:21,0
DA:22,0
DA:23,0
DA:24,0
DA:28,0
DA:31,0
DA:32,0
DA:33,0
DA:34,0
DA:35,0
DA:36,0
DA:37,0
DA:38,0
DA:39,0
DA:40,0
DA:41,0
DA:44,0
DA:45,0
DA:47,0
DA:50,0
DA:51,0
DA:52,0
LF:28
LH:0
end_of_record
SF:lib/core/model/task.dart
DA:25,2
DA:33,1
DA:41,1
DA:42,1
DA:43,1
DA:44,1
DA:45,1
DA:46,1
DA:50,1
DA:52,1
DA:53,1
DA:54,1
DA:55,1
DA:56,1
DA:58,1
DA:59,1
DA:60,1
DA:61,1
DA:62,1
DA:63,1
DA:64,1
LF:21
LH:21
end_of_record
SF:lib/core/model/week.dart
DA:7,3
DA:9,1
DA:11,2
DA:14,2
DA:16,1
DA:17,2
LF:6
LH:6
end_of_record
SF:lib/view/widgets/appbars.dart
DA:4,1
DA:6,1
DA:8,1
DA:11,1
DA:13,2
DA:18,1
LF:6
LH:6
end_of_record
