SF:lib/core/utils/logger.dart
DA:6,3
DA:7,1
DA:8,1
DA:9,1
DA:15,3
DA:16,1
DA:17,1
DA:18,1
DA:28,3
DA:31,3
DA:34,3
DA:37,3
DA:40,3
DA:43,3
DA:45,1
DA:48,1
DA:50,1
DA:52,1
DA:54,1
DA:56,1
DA:58,1
LF:21
LH:21
end_of_record
SF:lib/core/model/day.dart
DA:8,6
DA:10,1
DA:12,1
DA:13,1
DA:14,1
DA:18,1
DA:20,1
DA:21,1
DA:23,1
DA:24,3
LF:10
LH:10
end_of_record
SF:lib/core/model/task.g.dart
DA:6,0
DA:8,0
DA:9,0
DA:10,0
DA:12,0
DA:13,0
DA:14,0
DA:15,0
DA:16,0
DA:17,0
DA:21,0
DA:24,0
DA:25,0
DA:26,0
DA:27,0
DA:28,0
DA:29,0
DA:30,0
DA:31,0
DA:32,0
DA:33,0
DA:34,0
DA:37,0
DA:38,0
DA:40,0
DA:43,0
DA:44,0
DA:45,0
LF:28
LH:0
end_of_record
SF:lib/core/model/task.dart
DA:24,4
DA:32,1
DA:40,1
DA:41,1
DA:42,1
DA:43,1
DA:44,1
DA:45,1
DA:49,1
DA:51,1
DA:52,1
DA:53,1
DA:54,1
DA:55,1
DA:58,10
DA:61,4
DA:64,2
DA:65,2
DA:69,2
DA:70,2
DA:74,1
DA:75,1
DA:76,1
DA:77,1
DA:78,1
DA:79,1
DA:80,1
LF:27
LH:27
end_of_record
SF:lib/core/model/vt_model.dart
DA:3,6
DA:6,0
LF:2
LH:1
end_of_record
SF:lib/view/widgets/utils.dart
DA:6,1
DA:7,1
DA:16,1
DA:19,1
DA:22,1
DA:33,0
DA:44,2
DA:45,6
DA:46,4
DA:48,4
DA:49,4
DA:51,2
DA:54,4
DA:55,2
DA:57,2
DA:58,1
DA:60,2
DA:61,1
DA:67,6
DA:72,1
DA:75,3
DA:76,1
DA:77,5
DA:83,1
LF:24
LH:23
end_of_record
SF:lib/core/model/week.dart
DA:7,3
DA:9,1
DA:11,2
DA:14,2
DA:16,1
DA:17,2
LF:6
LH:6
end_of_record
SF:lib/view/widgets/day_chart.dart
DA:11,1
DA:15,1
DA:17,1
DA:18,1
DA:35,1
DA:37,4
DA:39,5
DA:41,1
DA:42,1
DA:43,3
DA:44,1
DA:45,1
DA:46,2
DA:47,3
DA:48,2
DA:54,1
DA:55,1
DA:57,0
DA:59,0
DA:61,0
DA:62,0
DA:64,0
DA:66,0
DA:67,0
DA:68,0
DA:77,0
DA:79,0
DA:80,0
DA:81,0
LF:29
LH:17
end_of_record
SF:lib/view/widgets/appbars.dart
DA:9,1
DA:15,1
DA:17,1
DA:19,1
DA:22,1
DA:24,1
DA:25,1
DA:27,1
DA:29,3
DA:34,1
LF:10
LH:10
end_of_record
SF:lib/view/widgets/task_card.dart
DA:9,1
DA:13,1
DA:15,1
DA:17,1
DA:18,1
DA:19,1
DA:21,1
DA:22,1
DA:30,3
DA:31,1
DA:33,1
DA:34,3
DA:35,2
DA:41,1
DA:43,6
DA:44,3
DA:45,3
LF:17
LH:17
end_of_record
